<?xml version="1.0" encoding="UTF-8"?>
<testsuite name="Programmieraufgabe5Test" tests="1" skipped="0" failures="0" errors="0" timestamp="2025-05-08T10:53:41" hostname="MacBook-Air-von-Luca.local" time="0.013">
  <properties/>
  <testcase name="main()" classname="Programmieraufgabe5Test" time="0.013"/>
  <system-out><![CDATA[]]></system-out>
  <system-err><![CDATA[]]></system-err>
</testsuite>
