<?xml version="1.0" encoding="UTF-8"?>
<testsuite name="Programmieraufgabe4Test" tests="1" skipped="0" failures="0" errors="0" timestamp="2025-05-08T10:27:28" hostname="MacBook-Air-von-Luca.local" time="0.014">
  <properties/>
  <testcase name="main()" classname="Programmieraufgabe4Test" time="0.014"/>
  <system-out><![CDATA[]]></system-out>
  <system-err><![CDATA[]]></system-err>
</testsuite>
