<?xml version="1.0" encoding="UTF-8"?>
<testsuite name="Programmieraufgabe2Test" tests="1" skipped="0" failures="0" errors="0" timestamp="2025-04-24T12:12:27" hostname="MacBook-Air-von-Luca.local" time="0.012">
  <properties/>
  <testcase name="main()" classname="Programmieraufgabe2Test" time="0.012"/>
  <system-out><![CDATA[]]></system-out>
  <system-err><![CDATA[]]></system-err>
</testsuite>
